{"logLevel": "INFO", "timestamp": "2023-09-10 18:44:25.658Z", "message": "Will watch for changes in these directories: ['C:\\\\AcroWorks\\\\temp\\\\TechBlogs\\\\micro_service_learning\\\\book_store\\\\src']", "module": "config", "filename": "config.py", "funcname": "__init__", "levelno": 20, "lineno": 342, "traceback": {}}
{"logLevel": "INFO", "timestamp": "2023-09-10 18:44:25.668Z", "message": "Uvicorn running on http://127.0.0.1:8080 (Press CTRL+C to quit)", "module": "config", "filename": "config.py", "funcname": "bind_socket", "levelno": 20, "lineno": 564, "traceback": {}}
{"logLevel": "INFO", "timestamp": "2023-09-10 18:44:25.682Z", "message": "Started reloader process [21824] using watchgod", "module": "basereload", "filename": "basereload.py", "funcname": "startup", "levelno": 20, "lineno": 56, "traceback": {}}
{"logLevel": "WARNING", "timestamp": "2023-09-10 18:44:26.771Z", "message": "The --reload flag should not be used in production on Windows.", "module": "asyncio", "filename": "asyncio.py", "funcname": "asyncio_setup", "levelno": 30, "lineno": 10, "traceback": {}}
{"logLevel": "INFO", "timestamp": "2023-09-10 18:44:30.943Z", "message": "Started server process [14156]", "module": "server", "filename": "server.py", "funcname": "serve", "levelno": 20, "lineno": 75, "traceback": {}}
{"logLevel": "INFO", "timestamp": "2023-09-10 18:44:30.944Z", "message": "Waiting for application startup.", "module": "on", "filename": "on.py", "funcname": "startup", "levelno": 20, "lineno": 45, "traceback": {}}
{"logLevel": "INFO", "timestamp": "2023-09-10 18:44:30.947Z", "message": "Application startup complete.", "module": "on", "filename": "on.py", "funcname": "startup", "levelno": 20, "lineno": 59, "traceback": {}}
{"logLevel": "INFO", "timestamp": "2023-09-10 18:47:28.629Z", "message": "Will watch for changes in these directories: ['C:\\\\AcroWorks\\\\temp\\\\TechBlogs\\\\micro_service_learning\\\\book_store\\\\src']", "module": "config", "filename": "config.py", "funcname": "__init__", "levelno": 20, "lineno": 342, "traceback": {}}
{"logLevel": "INFO", "timestamp": "2023-09-10 18:47:28.633Z", "message": "Uvicorn running on http://127.0.0.1:8080 (Press CTRL+C to quit)", "module": "config", "filename": "config.py", "funcname": "bind_socket", "levelno": 20, "lineno": 564, "traceback": {}}
{"logLevel": "INFO", "timestamp": "2023-09-10 18:47:28.655Z", "message": "Started reloader process [9280] using watchgod", "module": "basereload", "filename": "basereload.py", "funcname": "startup", "levelno": 20, "lineno": 56, "traceback": {}}
{"logLevel": "WARNING", "timestamp": "2023-09-10 18:47:29.813Z", "message": "The --reload flag should not be used in production on Windows.", "module": "asyncio", "filename": "asyncio.py", "funcname": "asyncio_setup", "levelno": 30, "lineno": 10, "traceback": {}}
{"logLevel": "INFO", "timestamp": "2023-09-10 18:47:56.277Z", "message": "Will watch for changes in these directories: ['C:\\\\AcroWorks\\\\temp\\\\TechBlogs\\\\micro_service_learning\\\\book_store\\\\src']", "module": "config", "filename": "config.py", "funcname": "__init__", "levelno": 20, "lineno": 342, "traceback": {}}
{"logLevel": "INFO", "timestamp": "2023-09-10 18:47:56.279Z", "message": "Uvicorn running on http://127.0.0.1:8080 (Press CTRL+C to quit)", "module": "config", "filename": "config.py", "funcname": "bind_socket", "levelno": 20, "lineno": 564, "traceback": {}}
{"logLevel": "INFO", "timestamp": "2023-09-10 18:47:56.293Z", "message": "Started reloader process [18796] using watchgod", "module": "basereload", "filename": "basereload.py", "funcname": "startup", "levelno": 20, "lineno": 56, "traceback": {}}
{"logLevel": "WARNING", "timestamp": "2023-09-10 18:47:57.445Z", "message": "The --reload flag should not be used in production on Windows.", "module": "asyncio", "filename": "asyncio.py", "funcname": "asyncio_setup", "levelno": 30, "lineno": 10, "traceback": {}}
{"logLevel": "INFO", "timestamp": "2023-09-10 18:51:47.439Z", "message": "Will watch for changes in these directories: ['C:\\\\AcroWorks\\\\temp\\\\TechBlogs\\\\micro_service_learning\\\\book_store\\\\src']", "module": "config", "filename": "config.py", "funcname": "__init__", "levelno": 20, "lineno": 342, "traceback": {}}
{"logLevel": "INFO", "timestamp": "2023-09-10 18:51:47.445Z", "message": "Uvicorn running on http://127.0.0.1:8080 (Press CTRL+C to quit)", "module": "config", "filename": "config.py", "funcname": "bind_socket", "levelno": 20, "lineno": 564, "traceback": {}}
{"logLevel": "INFO", "timestamp": "2023-09-10 18:51:47.466Z", "message": "Started reloader process [35332] using watchgod", "module": "basereload", "filename": "basereload.py", "funcname": "startup", "levelno": 20, "lineno": 56, "traceback": {}}
{"logLevel": "WARNING", "timestamp": "2023-09-10 18:51:48.878Z", "message": "The --reload flag should not be used in production on Windows.", "module": "asyncio", "filename": "asyncio.py", "funcname": "asyncio_setup", "levelno": 30, "lineno": 10, "traceback": {}}
{"logLevel": "INFO", "timestamp": "2023-09-10 18:53:13.765Z", "message": "Will watch for changes in these directories: ['C:\\\\AcroWorks\\\\temp\\\\TechBlogs\\\\micro_service_learning\\\\book_store\\\\src']", "module": "config", "filename": "config.py", "funcname": "__init__", "levelno": 20, "lineno": 342, "traceback": {}}
{"logLevel": "INFO", "timestamp": "2023-09-10 18:53:13.768Z", "message": "Uvicorn running on http://127.0.0.1:8080 (Press CTRL+C to quit)", "module": "config", "filename": "config.py", "funcname": "bind_socket", "levelno": 20, "lineno": 564, "traceback": {}}
{"logLevel": "INFO", "timestamp": "2023-09-10 18:53:13.781Z", "message": "Started reloader process [4404] using watchgod", "module": "basereload", "filename": "basereload.py", "funcname": "startup", "levelno": 20, "lineno": 56, "traceback": {}}
{"logLevel": "WARNING", "timestamp": "2023-09-10 18:53:15.74Z", "message": "The --reload flag should not be used in production on Windows.", "module": "asyncio", "filename": "asyncio.py", "funcname": "asyncio_setup", "levelno": 30, "lineno": 10, "traceback": {}}
{"logLevel": "INFO", "timestamp": "2023-09-10 19:00:56.209Z", "message": "Will watch for changes in these directories: ['C:\\\\AcroWorks\\\\temp\\\\TechBlogs\\\\micro_service_learning\\\\book_store\\\\src']", "module": "config", "filename": "config.py", "funcname": "__init__", "levelno": 20, "lineno": 342, "traceback": {}}
{"logLevel": "INFO", "timestamp": "2023-09-10 19:00:56.211Z", "message": "Uvicorn running on http://127.0.0.1:8080 (Press CTRL+C to quit)", "module": "config", "filename": "config.py", "funcname": "bind_socket", "levelno": 20, "lineno": 564, "traceback": {}}
{"logLevel": "INFO", "timestamp": "2023-09-10 19:00:56.233Z", "message": "Started reloader process [12656] using watchgod", "module": "basereload", "filename": "basereload.py", "funcname": "startup", "levelno": 20, "lineno": 56, "traceback": {}}
{"logLevel": "WARNING", "timestamp": "2023-09-10 19:00:57.744Z", "message": "The --reload flag should not be used in production on Windows.", "module": "asyncio", "filename": "asyncio.py", "funcname": "asyncio_setup", "levelno": 30, "lineno": 10, "traceback": {}}
{"logLevel": "WARNING", "timestamp": "2023-09-10 19:03:20.169Z", "message": "WatchGodReload detected file change in '['C:\\\\AcroWorks\\\\temp\\\\TechBlogs\\\\micro_service_learning\\\\book_store\\\\src\\\\infra\\\\table\\\\book_table.py']'. Reloading...", "module": "watchgodreload", "filename": "watchgodreload.py", "funcname": "should_restart", "levelno": 30, "lineno": 149, "traceback": {}}
{"logLevel": "WARNING", "timestamp": "2023-09-10 19:03:23.586Z", "message": "The --reload flag should not be used in production on Windows.", "module": "asyncio", "filename": "asyncio.py", "funcname": "asyncio_setup", "levelno": 30, "lineno": 10, "traceback": {}}
{"logLevel": "WARNING", "timestamp": "2023-09-10 19:04:15.959Z", "message": "WatchGodReload detected file change in '['C:\\\\AcroWorks\\\\temp\\\\TechBlogs\\\\micro_service_learning\\\\book_store\\\\src\\\\web\\\\type\\\\book_type.py']'. Reloading...", "module": "watchgodreload", "filename": "watchgodreload.py", "funcname": "should_restart", "levelno": 30, "lineno": 149, "traceback": {}}
{"logLevel": "WARNING", "timestamp": "2023-09-10 19:04:17.925Z", "message": "The --reload flag should not be used in production on Windows.", "module": "asyncio", "filename": "asyncio.py", "funcname": "asyncio_setup", "levelno": 30, "lineno": 10, "traceback": {}}
{"logLevel": "INFO", "timestamp": "2023-09-10 19:04:22.263Z", "message": "Started server process [32856]", "module": "server", "filename": "server.py", "funcname": "serve", "levelno": 20, "lineno": 75, "traceback": {}}
{"logLevel": "INFO", "timestamp": "2023-09-10 19:04:22.265Z", "message": "Waiting for application startup.", "module": "on", "filename": "on.py", "funcname": "startup", "levelno": 20, "lineno": 45, "traceback": {}}
{"logLevel": "INFO", "timestamp": "2023-09-10 19:04:22.267Z", "message": "Application startup complete.", "module": "on", "filename": "on.py", "funcname": "startup", "levelno": 20, "lineno": 59, "traceback": {}}
{"logLevel": "WARNING", "timestamp": "2023-09-10 19:05:02.683Z", "message": "WatchGodReload detected file change in '['C:\\\\AcroWorks\\\\temp\\\\TechBlogs\\\\micro_service_learning\\\\book_store\\\\src\\\\database.py']'. Reloading...", "module": "watchgodreload", "filename": "watchgodreload.py", "funcname": "should_restart", "levelno": 30, "lineno": 149, "traceback": {}}
{"logLevel": "WARNING", "timestamp": "2023-09-10 19:05:04.767Z", "message": "The --reload flag should not be used in production on Windows.", "module": "asyncio", "filename": "asyncio.py", "funcname": "asyncio_setup", "levelno": 30, "lineno": 10, "traceback": {}}
{"logLevel": "INFO", "timestamp": "2023-09-10 19:05:09.406Z", "message": "Started server process [29404]", "module": "server", "filename": "server.py", "funcname": "serve", "levelno": 20, "lineno": 75, "traceback": {}}
{"logLevel": "INFO", "timestamp": "2023-09-10 19:05:09.407Z", "message": "Waiting for application startup.", "module": "on", "filename": "on.py", "funcname": "startup", "levelno": 20, "lineno": 45, "traceback": {}}
{"logLevel": "INFO", "timestamp": "2023-09-10 19:05:09.411Z", "message": "Application startup complete.", "module": "on", "filename": "on.py", "funcname": "startup", "levelno": 20, "lineno": 59, "traceback": {}}
{"logLevel": "INFO", "timestamp": "2023-09-10 19:05:19.198Z", "message": "Will watch for changes in these directories: ['C:\\\\AcroWorks\\\\temp\\\\TechBlogs\\\\micro_service_learning\\\\book_store\\\\src']", "module": "config", "filename": "config.py", "funcname": "__init__", "levelno": 20, "lineno": 342, "traceback": {}}
{"logLevel": "INFO", "timestamp": "2023-09-10 19:05:19.201Z", "message": "Uvicorn running on http://127.0.0.1:8080 (Press CTRL+C to quit)", "module": "config", "filename": "config.py", "funcname": "bind_socket", "levelno": 20, "lineno": 564, "traceback": {}}
{"logLevel": "INFO", "timestamp": "2023-09-10 19:05:19.225Z", "message": "Started reloader process [21092] using watchgod", "module": "basereload", "filename": "basereload.py", "funcname": "startup", "levelno": 20, "lineno": 56, "traceback": {}}
{"logLevel": "WARNING", "timestamp": "2023-09-10 19:05:20.653Z", "message": "The --reload flag should not be used in production on Windows.", "module": "asyncio", "filename": "asyncio.py", "funcname": "asyncio_setup", "levelno": 30, "lineno": 10, "traceback": {}}
{"logLevel": "INFO", "timestamp": "2023-09-10 19:05:25.166Z", "message": "Started server process [22620]", "module": "server", "filename": "server.py", "funcname": "serve", "levelno": 20, "lineno": 75, "traceback": {}}
{"logLevel": "INFO", "timestamp": "2023-09-10 19:05:25.168Z", "message": "Waiting for application startup.", "module": "on", "filename": "on.py", "funcname": "startup", "levelno": 20, "lineno": 45, "traceback": {}}
{"logLevel": "INFO", "timestamp": "2023-09-10 19:05:25.171Z", "message": "Application startup complete.", "module": "on", "filename": "on.py", "funcname": "startup", "levelno": 20, "lineno": 59, "traceback": {}}
{"logLevel": "INFO", "timestamp": "2023-09-10 19:05:35.833Z", "message": "Will watch for changes in these directories: ['C:\\\\AcroWorks\\\\temp\\\\TechBlogs\\\\micro_service_learning\\\\book_store\\\\src']", "module": "config", "filename": "config.py", "funcname": "__init__", "levelno": 20, "lineno": 342, "traceback": {}}
{"logLevel": "INFO", "timestamp": "2023-09-10 19:05:35.837Z", "message": "Uvicorn running on http://127.0.0.1:8080 (Press CTRL+C to quit)", "module": "config", "filename": "config.py", "funcname": "bind_socket", "levelno": 20, "lineno": 564, "traceback": {}}
{"logLevel": "INFO", "timestamp": "2023-09-10 19:05:35.862Z", "message": "Started reloader process [22000] using watchgod", "module": "basereload", "filename": "basereload.py", "funcname": "startup", "levelno": 20, "lineno": 56, "traceback": {}}
{"logLevel": "WARNING", "timestamp": "2023-09-10 19:05:37.179Z", "message": "The --reload flag should not be used in production on Windows.", "module": "asyncio", "filename": "asyncio.py", "funcname": "asyncio_setup", "levelno": 30, "lineno": 10, "traceback": {}}
{"logLevel": "INFO", "timestamp": "2023-09-10 19:05:41.331Z", "message": "Started server process [1528]", "module": "server", "filename": "server.py", "funcname": "serve", "levelno": 20, "lineno": 75, "traceback": {}}
{"logLevel": "INFO", "timestamp": "2023-09-10 19:05:41.332Z", "message": "Waiting for application startup.", "module": "on", "filename": "on.py", "funcname": "startup", "levelno": 20, "lineno": 45, "traceback": {}}
{"logLevel": "INFO", "timestamp": "2023-09-10 19:05:41.336Z", "message": "Application startup complete.", "module": "on", "filename": "on.py", "funcname": "startup", "levelno": 20, "lineno": 59, "traceback": {}}
{"logLevel": "WARNING", "timestamp": "2023-09-10 19:06:12.438Z", "message": "WatchGodReload detected file change in '['C:\\\\AcroWorks\\\\temp\\\\TechBlogs\\\\micro_service_learning\\\\book_store\\\\src\\\\database.py']'. Reloading...", "module": "watchgodreload", "filename": "watchgodreload.py", "funcname": "should_restart", "levelno": 30, "lineno": 149, "traceback": {}}
{"logLevel": "INFO", "timestamp": "2023-09-10 19:06:25.425Z", "message": "Will watch for changes in these directories: ['C:\\\\AcroWorks\\\\temp\\\\TechBlogs\\\\micro_service_learning\\\\book_store\\\\src']", "module": "config", "filename": "config.py", "funcname": "__init__", "levelno": 20, "lineno": 342, "traceback": {}}
{"logLevel": "INFO", "timestamp": "2023-09-10 19:06:25.428Z", "message": "Uvicorn running on http://127.0.0.1:8080 (Press CTRL+C to quit)", "module": "config", "filename": "config.py", "funcname": "bind_socket", "levelno": 20, "lineno": 564, "traceback": {}}
{"logLevel": "INFO", "timestamp": "2023-09-10 19:06:25.448Z", "message": "Started reloader process [12400] using watchgod", "module": "basereload", "filename": "basereload.py", "funcname": "startup", "levelno": 20, "lineno": 56, "traceback": {}}
{"logLevel": "WARNING", "timestamp": "2023-09-10 19:06:26.798Z", "message": "The --reload flag should not be used in production on Windows.", "module": "asyncio", "filename": "asyncio.py", "funcname": "asyncio_setup", "levelno": 30, "lineno": 10, "traceback": {}}
{"logLevel": "INFO", "timestamp": "2023-09-10 19:07:19.324Z", "message": "Will watch for changes in these directories: ['C:\\\\AcroWorks\\\\temp\\\\TechBlogs\\\\micro_service_learning\\\\book_store\\\\src']", "module": "config", "filename": "config.py", "funcname": "__init__", "levelno": 20, "lineno": 342, "traceback": {}}
{"logLevel": "INFO", "timestamp": "2023-09-10 19:07:19.328Z", "message": "Uvicorn running on http://127.0.0.1:8080 (Press CTRL+C to quit)", "module": "config", "filename": "config.py", "funcname": "bind_socket", "levelno": 20, "lineno": 564, "traceback": {}}
{"logLevel": "INFO", "timestamp": "2023-09-10 19:07:19.348Z", "message": "Started reloader process [21364] using watchgod", "module": "basereload", "filename": "basereload.py", "funcname": "startup", "levelno": 20, "lineno": 56, "traceback": {}}
{"logLevel": "WARNING", "timestamp": "2023-09-10 19:07:20.823Z", "message": "The --reload flag should not be used in production on Windows.", "module": "asyncio", "filename": "asyncio.py", "funcname": "asyncio_setup", "levelno": 30, "lineno": 10, "traceback": {}}
{"logLevel": "INFO", "timestamp": "2023-09-10 19:09:28.275Z", "message": "Will watch for changes in these directories: ['C:\\\\AcroWorks\\\\temp\\\\TechBlogs\\\\micro_service_learning\\\\book_store\\\\src']", "module": "config", "filename": "config.py", "funcname": "__init__", "levelno": 20, "lineno": 342, "traceback": {}}
{"logLevel": "INFO", "timestamp": "2023-09-10 19:09:28.278Z", "message": "Uvicorn running on http://127.0.0.1:8080 (Press CTRL+C to quit)", "module": "config", "filename": "config.py", "funcname": "bind_socket", "levelno": 20, "lineno": 564, "traceback": {}}
{"logLevel": "INFO", "timestamp": "2023-09-10 19:09:28.301Z", "message": "Started reloader process [26416] using watchgod", "module": "basereload", "filename": "basereload.py", "funcname": "startup", "levelno": 20, "lineno": 56, "traceback": {}}
{"logLevel": "WARNING", "timestamp": "2023-09-10 19:09:29.877Z", "message": "The --reload flag should not be used in production on Windows.", "module": "asyncio", "filename": "asyncio.py", "funcname": "asyncio_setup", "levelno": 30, "lineno": 10, "traceback": {}}
{"logLevel": "WARNING", "timestamp": "2023-09-10 19:10:24.431Z", "message": "WatchGodReload detected file change in '['C:\\\\AcroWorks\\\\temp\\\\TechBlogs\\\\micro_service_learning\\\\book_store\\\\src\\\\database.py']'. Reloading...", "module": "watchgodreload", "filename": "watchgodreload.py", "funcname": "should_restart", "levelno": 30, "lineno": 149, "traceback": {}}
{"logLevel": "WARNING", "timestamp": "2023-09-10 19:10:24.617Z", "message": "WatchGodReload detected file change in '['C:\\\\AcroWorks\\\\temp\\\\TechBlogs\\\\micro_service_learning\\\\book_store\\\\src\\\\database.py']'. Reloading...", "module": "watchgodreload", "filename": "watchgodreload.py", "funcname": "should_restart", "levelno": 30, "lineno": 149, "traceback": {}}
{"logLevel": "WARNING", "timestamp": "2023-09-10 19:10:27.563Z", "message": "The --reload flag should not be used in production on Windows.", "module": "asyncio", "filename": "asyncio.py", "funcname": "asyncio_setup", "levelno": 30, "lineno": 10, "traceback": {}}
{"logLevel": "WARNING", "timestamp": "2023-09-10 19:10:45.238Z", "message": "WatchGodReload detected file change in '['C:\\\\AcroWorks\\\\temp\\\\TechBlogs\\\\micro_service_learning\\\\book_store\\\\src\\\\database.py']'. Reloading...", "module": "watchgodreload", "filename": "watchgodreload.py", "funcname": "should_restart", "levelno": 30, "lineno": 149, "traceback": {}}
{"logLevel": "WARNING", "timestamp": "2023-09-10 19:10:47.822Z", "message": "The --reload flag should not be used in production on Windows.", "module": "asyncio", "filename": "asyncio.py", "funcname": "asyncio_setup", "levelno": 30, "lineno": 10, "traceback": {}}
{"logLevel": "INFO", "timestamp": "2023-09-10 19:10:56.687Z", "message": "Will watch for changes in these directories: ['C:\\\\AcroWorks\\\\temp\\\\TechBlogs\\\\micro_service_learning\\\\book_store\\\\src']", "module": "config", "filename": "config.py", "funcname": "__init__", "levelno": 20, "lineno": 342, "traceback": {}}
{"logLevel": "INFO", "timestamp": "2023-09-10 19:10:56.690Z", "message": "Uvicorn running on http://127.0.0.1:8080 (Press CTRL+C to quit)", "module": "config", "filename": "config.py", "funcname": "bind_socket", "levelno": 20, "lineno": 564, "traceback": {}}
{"logLevel": "INFO", "timestamp": "2023-09-10 19:10:56.711Z", "message": "Started reloader process [30976] using watchgod", "module": "basereload", "filename": "basereload.py", "funcname": "startup", "levelno": 20, "lineno": 56, "traceback": {}}
{"logLevel": "WARNING", "timestamp": "2023-09-10 19:10:58.166Z", "message": "The --reload flag should not be used in production on Windows.", "module": "asyncio", "filename": "asyncio.py", "funcname": "asyncio_setup", "levelno": 30, "lineno": 10, "traceback": {}}
{"logLevel": "WARNING", "timestamp": "2023-09-10 19:11:25.737Z", "message": "WatchGodReload detected file change in '['C:\\\\AcroWorks\\\\temp\\\\TechBlogs\\\\micro_service_learning\\\\book_store\\\\src\\\\database.py']'. Reloading...", "module": "watchgodreload", "filename": "watchgodreload.py", "funcname": "should_restart", "levelno": 30, "lineno": 149, "traceback": {}}
{"logLevel": "INFO", "timestamp": "2023-09-10 19:11:38.586Z", "message": "Will watch for changes in these directories: ['C:\\\\AcroWorks\\\\temp\\\\TechBlogs\\\\micro_service_learning\\\\book_store\\\\src']", "module": "config", "filename": "config.py", "funcname": "__init__", "levelno": 20, "lineno": 342, "traceback": {}}
{"logLevel": "INFO", "timestamp": "2023-09-10 19:11:38.590Z", "message": "Uvicorn running on http://127.0.0.1:8080 (Press CTRL+C to quit)", "module": "config", "filename": "config.py", "funcname": "bind_socket", "levelno": 20, "lineno": 564, "traceback": {}}
{"logLevel": "INFO", "timestamp": "2023-09-10 19:11:38.615Z", "message": "Started reloader process [2696] using watchgod", "module": "basereload", "filename": "basereload.py", "funcname": "startup", "levelno": 20, "lineno": 56, "traceback": {}}
{"logLevel": "WARNING", "timestamp": "2023-09-10 19:11:40.167Z", "message": "The --reload flag should not be used in production on Windows.", "module": "asyncio", "filename": "asyncio.py", "funcname": "asyncio_setup", "levelno": 30, "lineno": 10, "traceback": {}}
{"logLevel": "WARNING", "timestamp": "2023-09-10 19:13:01.371Z", "message": "WatchGodReload detected file change in '['C:\\\\AcroWorks\\\\temp\\\\TechBlogs\\\\micro_service_learning\\\\book_store\\\\src\\\\database.py']'. Reloading...", "module": "watchgodreload", "filename": "watchgodreload.py", "funcname": "should_restart", "levelno": 30, "lineno": 149, "traceback": {}}
{"logLevel": "WARNING", "timestamp": "2023-09-10 19:13:03.415Z", "message": "The --reload flag should not be used in production on Windows.", "module": "asyncio", "filename": "asyncio.py", "funcname": "asyncio_setup", "levelno": 30, "lineno": 10, "traceback": {}}
{"logLevel": "WARNING", "timestamp": "2023-09-10 19:13:42.172Z", "message": "WatchGodReload detected file change in '['C:\\\\AcroWorks\\\\temp\\\\TechBlogs\\\\micro_service_learning\\\\book_store\\\\src\\\\database.py']'. Reloading...", "module": "watchgodreload", "filename": "watchgodreload.py", "funcname": "should_restart", "levelno": 30, "lineno": 149, "traceback": {}}
{"logLevel": "WARNING", "timestamp": "2023-09-10 19:13:44.330Z", "message": "The --reload flag should not be used in production on Windows.", "module": "asyncio", "filename": "asyncio.py", "funcname": "asyncio_setup", "levelno": 30, "lineno": 10, "traceback": {}}
{"logLevel": "INFO", "timestamp": "2023-09-10 23:01:06.769Z", "message": "Will watch for changes in these directories: ['C:\\\\AcroWorks\\\\temp\\\\TechBlogs\\\\micro_service_learning\\\\book_store\\\\src']", "module": "config", "filename": "config.py", "funcname": "__init__", "levelno": 20, "lineno": 342, "traceback": {}}
{"logLevel": "INFO", "timestamp": "2023-09-10 23:01:06.773Z", "message": "Uvicorn running on http://127.0.0.1:8080 (Press CTRL+C to quit)", "module": "config", "filename": "config.py", "funcname": "bind_socket", "levelno": 20, "lineno": 564, "traceback": {}}
{"logLevel": "INFO", "timestamp": "2023-09-10 23:01:06.800Z", "message": "Started reloader process [31116] using watchgod", "module": "basereload", "filename": "basereload.py", "funcname": "startup", "levelno": 20, "lineno": 56, "traceback": {}}
{"logLevel": "WARNING", "timestamp": "2023-09-10 23:01:08.507Z", "message": "The --reload flag should not be used in production on Windows.", "module": "asyncio", "filename": "asyncio.py", "funcname": "asyncio_setup", "levelno": 30, "lineno": 10, "traceback": {}}
{"logLevel": "INFO", "timestamp": "2023-09-10 23:01:39.23Z", "message": "Will watch for changes in these directories: ['C:\\\\AcroWorks\\\\temp\\\\TechBlogs\\\\micro_service_learning\\\\book_store\\\\src']", "module": "config", "filename": "config.py", "funcname": "__init__", "levelno": 20, "lineno": 342, "traceback": {}}
{"logLevel": "INFO", "timestamp": "2023-09-10 23:01:39.27Z", "message": "Uvicorn running on http://127.0.0.1:8080 (Press CTRL+C to quit)", "module": "config", "filename": "config.py", "funcname": "bind_socket", "levelno": 20, "lineno": 564, "traceback": {}}
{"logLevel": "INFO", "timestamp": "2023-09-10 23:01:39.49Z", "message": "Started reloader process [18236] using watchgod", "module": "basereload", "filename": "basereload.py", "funcname": "startup", "levelno": 20, "lineno": 56, "traceback": {}}
{"logLevel": "WARNING", "timestamp": "2023-09-10 23:01:40.660Z", "message": "The --reload flag should not be used in production on Windows.", "module": "asyncio", "filename": "asyncio.py", "funcname": "asyncio_setup", "levelno": 30, "lineno": 10, "traceback": {}}
{"logLevel": "WARNING", "timestamp": "2023-09-10 23:04:02.152Z", "message": "WatchGodReload detected file change in '['C:\\\\AcroWorks\\\\temp\\\\TechBlogs\\\\micro_service_learning\\\\book_store\\\\src\\\\database.py']'. Reloading...", "module": "watchgodreload", "filename": "watchgodreload.py", "funcname": "should_restart", "levelno": 30, "lineno": 149, "traceback": {}}
{"logLevel": "WARNING", "timestamp": "2023-09-10 23:04:04.145Z", "message": "The --reload flag should not be used in production on Windows.", "module": "asyncio", "filename": "asyncio.py", "funcname": "asyncio_setup", "levelno": 30, "lineno": 10, "traceback": {}}
{"logLevel": "WARNING", "timestamp": "2023-09-10 23:04:59.530Z", "message": "WatchGodReload detected file change in '['C:\\\\AcroWorks\\\\temp\\\\TechBlogs\\\\micro_service_learning\\\\book_store\\\\src\\\\database.py']'. Reloading...", "module": "watchgodreload", "filename": "watchgodreload.py", "funcname": "should_restart", "levelno": 30, "lineno": 149, "traceback": {}}
{"logLevel": "WARNING", "timestamp": "2023-09-10 23:05:01.922Z", "message": "The --reload flag should not be used in production on Windows.", "module": "asyncio", "filename": "asyncio.py", "funcname": "asyncio_setup", "levelno": 30, "lineno": 10, "traceback": {}}
{"logLevel": "INFO", "timestamp": "2023-09-10 23:05:08.763Z", "message": "Will watch for changes in these directories: ['C:\\\\AcroWorks\\\\temp\\\\TechBlogs\\\\micro_service_learning\\\\book_store\\\\src']", "module": "config", "filename": "config.py", "funcname": "__init__", "levelno": 20, "lineno": 342, "traceback": {}}
{"logLevel": "INFO", "timestamp": "2023-09-10 23:05:08.768Z", "message": "Uvicorn running on http://127.0.0.1:8080 (Press CTRL+C to quit)", "module": "config", "filename": "config.py", "funcname": "bind_socket", "levelno": 20, "lineno": 564, "traceback": {}}
{"logLevel": "INFO", "timestamp": "2023-09-10 23:05:08.798Z", "message": "Started reloader process [11164] using watchgod", "module": "basereload", "filename": "basereload.py", "funcname": "startup", "levelno": 20, "lineno": 56, "traceback": {}}
{"logLevel": "WARNING", "timestamp": "2023-09-10 23:05:10.420Z", "message": "The --reload flag should not be used in production on Windows.", "module": "asyncio", "filename": "asyncio.py", "funcname": "asyncio_setup", "levelno": 30, "lineno": 10, "traceback": {}}
{"logLevel": "INFO", "timestamp": "2023-09-10 23:05:41.792Z", "message": "Started server process [34436]", "module": "server", "filename": "server.py", "funcname": "serve", "levelno": 20, "lineno": 75, "traceback": {}}
{"logLevel": "INFO", "timestamp": "2023-09-10 23:05:41.795Z", "message": "Waiting for application startup.", "module": "on", "filename": "on.py", "funcname": "startup", "levelno": 20, "lineno": 45, "traceback": {}}
{"logLevel": "INFO", "timestamp": "2023-09-10 23:05:41.801Z", "message": "Application startup complete.", "module": "on", "filename": "on.py", "funcname": "startup", "levelno": 20, "lineno": 59, "traceback": {}}
{"logLevel": "INFO", "timestamp": "2023-09-10 23:06:01.622Z", "message": "Will watch for changes in these directories: ['C:\\\\AcroWorks\\\\temp\\\\TechBlogs\\\\micro_service_learning\\\\book_store\\\\src']", "module": "config", "filename": "config.py", "funcname": "__init__", "levelno": 20, "lineno": 342, "traceback": {}}
{"logLevel": "INFO", "timestamp": "2023-09-10 23:06:01.627Z", "message": "Uvicorn running on http://127.0.0.1:8080 (Press CTRL+C to quit)", "module": "config", "filename": "config.py", "funcname": "bind_socket", "levelno": 20, "lineno": 564, "traceback": {}}
{"logLevel": "INFO", "timestamp": "2023-09-10 23:06:01.652Z", "message": "Started reloader process [33588] using watchgod", "module": "basereload", "filename": "basereload.py", "funcname": "startup", "levelno": 20, "lineno": 56, "traceback": {}}
{"logLevel": "WARNING", "timestamp": "2023-09-10 23:06:03.127Z", "message": "The --reload flag should not be used in production on Windows.", "module": "asyncio", "filename": "asyncio.py", "funcname": "asyncio_setup", "levelno": 30, "lineno": 10, "traceback": {}}
{"logLevel": "INFO", "timestamp": "2023-09-10 23:06:07.115Z", "message": "Started server process [17380]", "module": "server", "filename": "server.py", "funcname": "serve", "levelno": 20, "lineno": 75, "traceback": {}}
{"logLevel": "INFO", "timestamp": "2023-09-10 23:06:07.116Z", "message": "Waiting for application startup.", "module": "on", "filename": "on.py", "funcname": "startup", "levelno": 20, "lineno": 45, "traceback": {}}
{"logLevel": "INFO", "timestamp": "2023-09-10 23:06:07.119Z", "message": "Application startup complete.", "module": "on", "filename": "on.py", "funcname": "startup", "levelno": 20, "lineno": 59, "traceback": {}}
