{"logLevel": "INFO", "timestamp": "2023-10-14 22:01:19.877Z", "message": "Will watch for changes in these directories: ['C:\\\\TP_HOME\\\\work\\\\tp-samples\\\\book_store_backend\\\\src']", "module": "config", "filename": "config.py", "funcname": "__init__", "levelno": 20, "lineno": 342, "traceback": {}}
{"logLevel": "INFO", "timestamp": "2023-10-14 22:01:19.877Z", "message": "Uvicorn running on http://127.0.0.1:8080 (Press CTRL+C to quit)", "module": "config", "filename": "config.py", "funcname": "bind_socket", "levelno": 20, "lineno": 564, "traceback": {}}
{"logLevel": "INFO", "timestamp": "2023-10-14 22:01:19.900Z", "message": "Started reloader process [11904] using watchgod", "module": "basereload", "filename": "basereload.py", "funcname": "startup", "levelno": 20, "lineno": 56, "traceback": {}}
{"logLevel": "WARNING", "timestamp": "2023-10-14 22:01:21.365Z", "message": "The --reload flag should not be used in production on Windows.", "module": "asyncio", "filename": "asyncio.py", "funcname": "asyncio_setup", "levelno": 30, "lineno": 10, "traceback": {}}
{"logLevel": "WARNING", "timestamp": "2023-10-14 22:02:03.263Z", "message": "WatchGodReload detected file change in '['C:\\\\TP_HOME\\\\work\\\\tp-samples\\\\book_store_backend\\\\src\\\\context.py']'. Reloading...", "module": "watchgodreload", "filename": "watchgodreload.py", "funcname": "should_restart", "levelno": 30, "lineno": 149, "traceback": {}}
{"logLevel": "WARNING", "timestamp": "2023-10-14 22:02:04.393Z", "message": "The --reload flag should not be used in production on Windows.", "module": "asyncio", "filename": "asyncio.py", "funcname": "asyncio_setup", "levelno": 30, "lineno": 10, "traceback": {}}
{"logLevel": "WARNING", "timestamp": "2023-10-14 22:02:12.873Z", "message": "WatchGodReload detected file change in '['C:\\\\TP_HOME\\\\work\\\\tp-samples\\\\book_store_backend\\\\src\\\\context.py']'. Reloading...", "module": "watchgodreload", "filename": "watchgodreload.py", "funcname": "should_restart", "levelno": 30, "lineno": 149, "traceback": {}}
{"logLevel": "WARNING", "timestamp": "2023-10-14 22:02:13.937Z", "message": "The --reload flag should not be used in production on Windows.", "module": "asyncio", "filename": "asyncio.py", "funcname": "asyncio_setup", "levelno": 30, "lineno": 10, "traceback": {}}
{"logLevel": "INFO", "timestamp": "2023-10-14 22:02:17.423Z", "message": "Started server process [14096]", "module": "server", "filename": "server.py", "funcname": "serve", "levelno": 20, "lineno": 75, "traceback": {}}
{"logLevel": "INFO", "timestamp": "2023-10-14 22:02:17.425Z", "message": "Waiting for application startup.", "module": "on", "filename": "on.py", "funcname": "startup", "levelno": 20, "lineno": 45, "traceback": {}}
{"logLevel": "INFO", "timestamp": "2023-10-14 22:02:17.427Z", "message": "Application startup complete.", "module": "on", "filename": "on.py", "funcname": "startup", "levelno": 20, "lineno": 59, "traceback": {}}
{"logLevel": "WARNING", "timestamp": "2023-10-14 22:02:33.97Z", "message": "WatchGodReload detected file change in '['C:\\\\TP_HOME\\\\work\\\\tp-samples\\\\book_store_backend\\\\src\\\\context.py']'. Reloading...", "module": "watchgodreload", "filename": "watchgodreload.py", "funcname": "should_restart", "levelno": 30, "lineno": 149, "traceback": {}}
{"logLevel": "WARNING", "timestamp": "2023-10-14 22:02:34.374Z", "message": "The --reload flag should not be used in production on Windows.", "module": "asyncio", "filename": "asyncio.py", "funcname": "asyncio_setup", "levelno": 30, "lineno": 10, "traceback": {}}
{"logLevel": "INFO", "timestamp": "2023-10-14 22:03:32.138Z", "message": "Will watch for changes in these directories: ['C:\\\\TP_HOME\\\\work\\\\tp-samples\\\\book_store_backend\\\\src']", "module": "config", "filename": "config.py", "funcname": "__init__", "levelno": 20, "lineno": 342, "traceback": {}}
{"logLevel": "INFO", "timestamp": "2023-10-14 22:03:32.141Z", "message": "Uvicorn running on http://127.0.0.1:8080 (Press CTRL+C to quit)", "module": "config", "filename": "config.py", "funcname": "bind_socket", "levelno": 20, "lineno": 564, "traceback": {}}
{"logLevel": "INFO", "timestamp": "2023-10-14 22:03:32.144Z", "message": "Started reloader process [4972] using watchgod", "module": "basereload", "filename": "basereload.py", "funcname": "startup", "levelno": 20, "lineno": 56, "traceback": {}}
{"logLevel": "WARNING", "timestamp": "2023-10-14 22:03:33.116Z", "message": "The --reload flag should not be used in production on Windows.", "module": "asyncio", "filename": "asyncio.py", "funcname": "asyncio_setup", "levelno": 30, "lineno": 10, "traceback": {}}
{"logLevel": "INFO", "timestamp": "2023-10-14 22:03:37.64Z", "message": "Started server process [10116]", "module": "server", "filename": "server.py", "funcname": "serve", "levelno": 20, "lineno": 75, "traceback": {}}
{"logLevel": "INFO", "timestamp": "2023-10-14 22:03:37.64Z", "message": "Waiting for application startup.", "module": "on", "filename": "on.py", "funcname": "startup", "levelno": 20, "lineno": 45, "traceback": {}}
{"logLevel": "INFO", "timestamp": "2023-10-14 22:03:37.64Z", "message": "Application startup complete.", "module": "on", "filename": "on.py", "funcname": "startup", "levelno": 20, "lineno": 59, "traceback": {}}
{"logLevel": "INFO", "timestamp": "2023-10-14 22:03:48.643Z", "message": "Shutting down", "module": "server", "filename": "server.py", "funcname": "shutdown", "levelno": 20, "lineno": 252, "traceback": {}}
{"logLevel": "INFO", "timestamp": "2023-10-14 22:03:48.701Z", "message": "Stopping reloader process [4972]", "module": "basereload", "filename": "basereload.py", "funcname": "shutdown", "levelno": 20, "lineno": 87, "traceback": {}}
